[soullight.vip/tests/rskx/index.html]
[soullight.vip/tests/shh/index.html]
[soullight.vip/index.html]
[backblue.gif]
[fade.gif]
[index.html]
[soullight.vip/tests/animal/index.html]
[soullight.vip/tests/sl90/index.html]
[soullight.vip/tests/tianfu/index.html]
[soullight.vip/tg/index.html]
[soullight.vip/index.html]
[soullight.vip/tests/year/index.html]
[soullight.vip/tests/xlnl/index.html]
[soullight.vip/tests/ysjt/index.html]
[soullight.vip/tests/heian/index.html]
[soullight.vip/tests/nxxg/index.html]
[soullight.vip/tests/nxfg/index.html]
[soullight.vip/static/waibuyangshi/tailwind.css]
[soullight.vip/authorization/auth-modal.css]
[soullight.vip/tests/zaqx/index.html]
[soullight.vip/static/waibuyangshi/react.production.min.js]
[soullight.vip/tests/yzcs/index.html]
[soullight.vip/tests/xgcs/index.html]
[soullight.vip/tests/mbtia/index.html]
[soullight.vip/static/waibuyangshi/react-dom.production.min.js]
[soullight.vip/tests/xpcs/index.html]
[soullight.vip/authorization/authorization-sdk.js]
[soullight.vip/tests/rskx/index.html]
[soullight.vip/static/waibuyangshi/d3.v7.min.js]
[soullight.vip/static/waibuyangshi/lunar.min.js]
[soullight.vip/tests/animal/styles.css]
[soullight.vip/index-2.html]
[soullight.vip/tests/animal/scoring.js]
[soullight.vip/tests/animal/render-animals.js]
[soullight.vip/tests/animal/render-type-cards.js]
[soullight.vip/tests/animal/mobile-nav.js]
[soullight.vip/tests/animal/index.html]
[soullight.vip/static/social-compass/assets_local/fonts/inter.css]
[soullight.vip/static/social-compass/assets_local/chartjs/chart.umd.js]
[soullight.vip/static/social-compass/assets_local/lucide/lucide.js]
[soullight.vip/static/social-compass/assets_local/tailwind/tailwindcdn.js]
[soullight.vip/tests/shh/index.html]
[soullight.vip/tests/sl90/index.html]
[soullight.vip/tests/tianfu/style.css]
[soullight.vip/tests/tianfu/script.js]
[soullight.vip/tests/tianfu/index.html]
[soullight.vip/tests/year/index.html]
[soullight.vip/tests/heian/index.html]
[soullight.vip/tests/xlnl/index.html]
[soullight.vip/tests/ysjt/index.html]
[soullight.vip/tests/tianfu/chart.min.js]
[soullight.vip/tests/nxxg/index.html]
[soullight.vip/tests/nxxg/tw-output.css]
[soullight.vip/tests/nxfg/index.html]
[soullight.vip/tests/nxfg/tw-output.css]
[soullight.vip/static/vendor/tailwind/tailwind.min.css]
[soullight.vip/tests/zaqx/index.html]
[soullight.vip/tests/yzcs/index.html]
[soullight.vip/tests/xgcs/index.html]
[soullight.vip/static/social-compass/assets_local/fonts/UcCO3FwrK3iLTeHuS_nVMrMxCp50SjIw2boKoduKmMEVuOKfMZg.ttf]
[soullight.vip/static/waibuyangshi/babel.min.js]
[soullight.vip/tests/animal/lib/chart.umd.min.js]
[soullight.vip/static/social-compass/assets_local/fonts/UcCO3FwrK3iLTeHuS_nVMrMxCp50SjIw2boKoduKmMEVuLyfMZg.ttf]
[soullight.vip/static/social-compass/assets_local/fonts/UcCO3FwrK3iLTeHuS_nVMrMxCp50SjIw2boKoduKmMEVuI6fMZg.ttf]
[soullight.vip/static/social-compass/assets_local/fonts/UcCO3FwrK3iLTeHuS_nVMrMxCp50SjIw2boKoduKmMEVuGKYMZg.ttf]
[soullight.vip/static/social-compass/assets_local/fonts/UcCO3FwrK3iLTeHuS_nVMrMxCp50SjIw2boKoduKmMEVuFuYMZg.ttf]
[soullight.vip/static/social-compass/assets_local/fonts/UcCO3FwrK3iLTeHuS_nVMrMxCp50SjIw2boKoduKmMEVuBWYMZg.ttf]
[soullight.vip/tests/mbtia/index.html]
[soullight.vip/tests/xpcs/index.html]
[soullight.vip/tg/qqun.jpg]
[soullight.vip/tg/index.html]
[soullight.vip/static/waibuyangshi/tailwind.css]
[soullight.vip/authorization/auth-modal.css]
[soullight.vip/tests/animal/styles.css]
[soullight.vip/static/images/favicon.png]
[soullight.vip/index-2.html]
[soullight.vip/static/social-compass/assets_local/fonts/inter.css]
[soullight.vip/tests/tianfu/style.css]
[soullight.vip/tests/nxxg/tw-output.css]
[soullight.vip/static/social-compass/assets_local/fonts/PlayfairDisplay-Regular.ttf]
[soullight.vip/static/social-compass/assets_local/fonts/PlayfairDisplay-Italic.ttf]
[soullight.vip/static/social-compass/assets_local/fonts/PlayfairDisplay-Bold.ttf]
[soullight.vip/static/social-compass/assets_local/fonts/PlayfairDisplay-BoldItalic.ttf]
[soullight.vip/static/social-compass/assets_local/fonts/playfair.css]
[soullight.vip/tests/nxfg/tw-output.css]
[soullight.vip/static/vendor/tailwind/tailwind.min.css]
